<?xml version="1.0" encoding="UTF-8"?>
<!-- Generated by org.testng.reporters.JUnitXMLReporter -->
<testsuite ignored="0" hostname="SayedShaaban" failures="0" tests="3" name="Test reqres apis" time="2.685" errors="0" timestamp="2025-02-01T13:55:38 EET">
  <testcase classname="tests.ApiTests" name="createUser" time="0.032"/>
  <testcase classname="tests.ApiTests" name="retrieveUser" time="0.003"/>
  <testcase classname="tests.ApiTests" name="updateUser" time="0.002"/>
</testsuite> <!-- Test reqres apis -->
