<?xml version="1.0" encoding="UTF-8"?>
<testsuite xmlns:xsi="http://www.w3.org/2001/XMLSchema-instance" xsi:noNamespaceSchemaLocation="https://maven.apache.org/surefire/maven-surefire-plugin/xsd/surefire-test-report-3.0.xsd" version="3.0" name="TestSuite" time="78.685" tests="4" errors="0" skipped="0" failures="0">
  <properties>
[...]
</properties>
  <testcase name="createUser" classname="tests.ApiTests" time="0.095">
    <system-err><![CDATA[Feb 01, 2025 1:55:35 PM utils.Logger info
INFO: Test suite started
Feb 01, 2025 1:55:35 PM utils.Logger info
INFO: Test suite started
Feb 01, 2025 1:55:38 PM utils.Logger info
INFO: Test started: [createUser]
Feb 01, 2025 1:55:38 PM utils.Logger info
INFO: Test passed: [createUser]
]]></system-err>
  </testcase>
  <testcase name="retrieveUser" classname="tests.ApiTests" time="0.006">
    <system-err><![CDATA[Feb 01, 2025 1:55:38 PM utils.Logger info
INFO: Test started: [retrieveUser]
Feb 01, 2025 1:55:38 PM utils.Logger info
INFO: Test passed: [retrieveUser]
]]></system-err>
  </testcase>
  <testcase name="updateUser" classname="tests.ApiTests" time="0.005">
    <system-err><![CDATA[Feb 01, 2025 1:55:38 PM utils.Logger info
INFO: Test started: [updateUser]
Feb 01, 2025 1:55:38 PM utils.Logger info
INFO: Test passed: [updateUser]
]]></system-err>
  </testcase>
  <testcase name="addProductsToTheCartAndCheckout" classname="tests.AmazonTests" time="55.587">
    <system-err><![CDATA[Feb 01, 2025 1:55:38 PM utils.Logger info
INFO: Test suite finished
Feb 01, 2025 1:55:48 PM utils.Logger info
INFO: The product number [1] is deleted successfully.
Feb 01, 2025 1:55:51 PM utils.Logger info
INFO: The product number [2] is deleted successfully.
Feb 01, 2025 1:55:54 PM utils.Logger info
INFO: The product number [3] is deleted successfully.
Feb 01, 2025 1:55:57 PM utils.Logger info
INFO: No items in the cart to delete.
Feb 01, 2025 1:55:57 PM utils.Logger info
INFO: Cart cleared successfully.
Feb 01, 2025 1:55:57 PM utils.Logger info
INFO: Test started: [addProductsToTheCartAndCheckout]
Feb 01, 2025 1:56:07 PM utils.Logger info
INFO: The filters applied successfully...!
Feb 01, 2025 1:56:07 PM utils.Logger info
INFO: Skipping product: [no such element: Unable to locate element: {"method":"css selector","selector":"span.a-price-whole"}
  (Session info: chrome=132.0.6834.112)
For documentation on this error, please visit: https://www.selenium.dev/documentation/webdriver/troubleshooting/errors#no-such-element-exception
Build info: version: '4.28.1', revision: '73f5ad48a2'
System info: os.name: 'Windows 11', os.arch: 'amd64', os.version: '10.0', java.version: '17.0.6'
Driver info: org.openqa.selenium.chrome.ChromeDriver
Command: [5fff502b678c6ec61cc9143e15a03708, findChildElement {using=css selector, id=f.DED7E5B4D4BC1739304AB1CFEE6CAFC1.d.216B037BBC684B1EBE6DF629B47767BF.e.38632, value=span.a-price-whole}]
Capabilities {acceptInsecureCerts: false, browserName: chrome, browserVersion: 132.0.6834.112, chrome: {chromedriverVersion: 132.0.6834.159 (2d77d3fc445..., userDataDir: C:\Users\sayed\AppData\Loca...}, fedcm:accounts: true, goog:chromeOptions: {debuggerAddress: localhost:62580}, networkConnectionEnabled: false, pageLoadStrategy: normal, platformName: windows, proxy: Proxy(), se:cdp: ws://localhost:62580/devtoo..., se:cdpVersion: 132.0.6834.112, setWindowRect: true, strictFileInteractability: false, timeouts: {implicit: 0, pageLoad: 300000, script: 30000}, unhandledPromptBehavior: dismiss and notify, webauthn:extension:credBlob: true, webauthn:extension:largeBlob: true, webauthn:extension:minPinLength: true, webauthn:extension:prf: true, webauthn:virtualAuthenticators: true}
Session ID: 5fff502b678c6ec61cc9143e15a03708]
Feb 01, 2025 1:56:07 PM utils.Logger info
INFO: Skipping product: [no such element: Unable to locate element: {"method":"css selector","selector":"span.a-price-whole"}
  (Session info: chrome=132.0.6834.112)
For documentation on this error, please visit: https://www.selenium.dev/documentation/webdriver/troubleshooting/errors#no-such-element-exception
Build info: version: '4.28.1', revision: '73f5ad48a2'
System info: os.name: 'Windows 11', os.arch: 'amd64', os.version: '10.0', java.version: '17.0.6'
Driver info: org.openqa.selenium.chrome.ChromeDriver
Command: [5fff502b678c6ec61cc9143e15a03708, findChildElement {using=css selector, id=f.DED7E5B4D4BC1739304AB1CFEE6CAFC1.d.216B037BBC684B1EBE6DF629B47767BF.e.38793, value=span.a-price-whole}]
Capabilities {acceptInsecureCerts: false, browserName: chrome, browserVersion: 132.0.6834.112, chrome: {chromedriverVersion: 132.0.6834.159 (2d77d3fc445..., userDataDir: C:\Users\sayed\AppData\Loca...}, fedcm:accounts: true, goog:chromeOptions: {debuggerAddress: localhost:62580}, networkConnectionEnabled: false, pageLoadStrategy: normal, platformName: windows, proxy: Proxy(), se:cdp: ws://localhost:62580/devtoo..., se:cdpVersion: 132.0.6834.112, setWindowRect: true, strictFileInteractability: false, timeouts: {implicit: 0, pageLoad: 300000, script: 30000}, unhandledPromptBehavior: dismiss and notify, webauthn:extension:credBlob: true, webauthn:extension:largeBlob: true, webauthn:extension:minPinLength: true, webauthn:extension:prf: true, webauthn:virtualAuthenticators: true}
Session ID: 5fff502b678c6ec61cc9143e15a03708]
Feb 01, 2025 1:56:07 PM utils.Logger info
INFO: Skipping product: [no such element: Unable to locate element: {"method":"css selector","selector":"span.a-price-whole"}
  (Session info: chrome=132.0.6834.112)
For documentation on this error, please visit: https://www.selenium.dev/documentation/webdriver/troubleshooting/errors#no-such-element-exception
Build info: version: '4.28.1', revision: '73f5ad48a2'
System info: os.name: 'Windows 11', os.arch: 'amd64', os.version: '10.0', java.version: '17.0.6'
Driver info: org.openqa.selenium.chrome.ChromeDriver
Command: [5fff502b678c6ec61cc9143e15a03708, findChildElement {using=css selector, id=f.DED7E5B4D4BC1739304AB1CFEE6CAFC1.d.216B037BBC684B1EBE6DF629B47767BF.e.38854, value=span.a-price-whole}]
Capabilities {acceptInsecureCerts: false, browserName: chrome, browserVersion: 132.0.6834.112, chrome: {chromedriverVersion: 132.0.6834.159 (2d77d3fc445..., userDataDir: C:\Users\sayed\AppData\Loca...}, fedcm:accounts: true, goog:chromeOptions: {debuggerAddress: localhost:62580}, networkConnectionEnabled: false, pageLoadStrategy: normal, platformName: windows, proxy: Proxy(), se:cdp: ws://localhost:62580/devtoo..., se:cdpVersion: 132.0.6834.112, setWindowRect: true, strictFileInteractability: false, timeouts: {implicit: 0, pageLoad: 300000, script: 30000}, unhandledPromptBehavior: dismiss and notify, webauthn:extension:credBlob: true, webauthn:extension:largeBlob: true, webauthn:extension:minPinLength: true, webauthn:extension:prf: true, webauthn:virtualAuthenticators: true}
Session ID: 5fff502b678c6ec61cc9143e15a03708]
Feb 01, 2025 1:56:07 PM utils.Logger info
INFO: Skipping product: [no such element: Unable to locate element: {"method":"css selector","selector":"span.a-price-whole"}
  (Session info: chrome=132.0.6834.112)
For documentation on this error, please visit: https://www.selenium.dev/documentation/webdriver/troubleshooting/errors#no-such-element-exception
Build info: version: '4.28.1', revision: '73f5ad48a2'
System info: os.name: 'Windows 11', os.arch: 'amd64', os.version: '10.0', java.version: '17.0.6'
Driver info: org.openqa.selenium.chrome.ChromeDriver
Command: [5fff502b678c6ec61cc9143e15a03708, findChildElement {using=css selector, id=f.DED7E5B4D4BC1739304AB1CFEE6CAFC1.d.216B037BBC684B1EBE6DF629B47767BF.e.38915, value=span.a-price-whole}]
Capabilities {acceptInsecureCerts: false, browserName: chrome, browserVersion: 132.0.6834.112, chrome: {chromedriverVersion: 132.0.6834.159 (2d77d3fc445..., userDataDir: C:\Users\sayed\AppData\Loca...}, fedcm:accounts: true, goog:chromeOptions: {debuggerAddress: localhost:62580}, networkConnectionEnabled: false, pageLoadStrategy: normal, platformName: windows, proxy: Proxy(), se:cdp: ws://localhost:62580/devtoo..., se:cdpVersion: 132.0.6834.112, setWindowRect: true, strictFileInteractability: false, timeouts: {implicit: 0, pageLoad: 300000, script: 30000}, unhandledPromptBehavior: dismiss and notify, webauthn:extension:credBlob: true, webauthn:extension:largeBlob: true, webauthn:extension:minPinLength: true, webauthn:extension:prf: true, webauthn:virtualAuthenticators: true}
Session ID: 5fff502b678c6ec61cc9143e15a03708]
Feb 01, 2025 1:56:07 PM utils.Logger info
INFO: Skipping product: [no such element: Unable to locate element: {"method":"css selector","selector":"span.a-price-whole"}
  (Session info: chrome=132.0.6834.112)
For documentation on this error, please visit: https://www.selenium.dev/documentation/webdriver/troubleshooting/errors#no-such-element-exception
Build info: version: '4.28.1', revision: '73f5ad48a2'
System info: os.name: 'Windows 11', os.arch: 'amd64', os.version: '10.0', java.version: '17.0.6'
Driver info: org.openqa.selenium.chrome.ChromeDriver
Command: [5fff502b678c6ec61cc9143e15a03708, findChildElement {using=css selector, id=f.DED7E5B4D4BC1739304AB1CFEE6CAFC1.d.216B037BBC684B1EBE6DF629B47767BF.e.38976, value=span.a-price-whole}]
Capabilities {acceptInsecureCerts: false, browserName: chrome, browserVersion: 132.0.6834.112, chrome: {chromedriverVersion: 132.0.6834.159 (2d77d3fc445..., userDataDir: C:\Users\sayed\AppData\Loca...}, fedcm:accounts: true, goog:chromeOptions: {debuggerAddress: localhost:62580}, networkConnectionEnabled: false, pageLoadStrategy: normal, platformName: windows, proxy: Proxy(), se:cdp: ws://localhost:62580/devtoo..., se:cdpVersion: 132.0.6834.112, setWindowRect: true, strictFileInteractability: false, timeouts: {implicit: 0, pageLoad: 300000, script: 30000}, unhandledPromptBehavior: dismiss and notify, webauthn:extension:credBlob: true, webauthn:extension:largeBlob: true, webauthn:extension:minPinLength: true, webauthn:extension:prf: true, webauthn:virtualAuthenticators: true}
Session ID: 5fff502b678c6ec61cc9143e15a03708]
Feb 01, 2025 1:56:07 PM utils.Logger info
INFO: Skipping product: [no such element: Unable to locate element: {"method":"css selector","selector":"span.a-price-whole"}
  (Session info: chrome=132.0.6834.112)
For documentation on this error, please visit: https://www.selenium.dev/documentation/webdriver/troubleshooting/errors#no-such-element-exception
Build info: version: '4.28.1', revision: '73f5ad48a2'
System info: os.name: 'Windows 11', os.arch: 'amd64', os.version: '10.0', java.version: '17.0.6'
Driver info: org.openqa.selenium.chrome.ChromeDriver
Command: [5fff502b678c6ec61cc9143e15a03708, findChildElement {using=css selector, id=f.DED7E5B4D4BC1739304AB1CFEE6CAFC1.d.216B037BBC684B1EBE6DF629B47767BF.e.39041, value=span.a-price-whole}]
Capabilities {acceptInsecureCerts: false, browserName: chrome, browserVersion: 132.0.6834.112, chrome: {chromedriverVersion: 132.0.6834.159 (2d77d3fc445..., userDataDir: C:\Users\sayed\AppData\Loca...}, fedcm:accounts: true, goog:chromeOptions: {debuggerAddress: localhost:62580}, networkConnectionEnabled: false, pageLoadStrategy: normal, platformName: windows, proxy: Proxy(), se:cdp: ws://localhost:62580/devtoo..., se:cdpVersion: 132.0.6834.112, setWindowRect: true, strictFileInteractability: false, timeouts: {implicit: 0, pageLoad: 300000, script: 30000}, unhandledPromptBehavior: dismiss and notify, webauthn:extension:credBlob: true, webauthn:extension:largeBlob: true, webauthn:extension:minPinLength: true, webauthn:extension:prf: true, webauthn:virtualAuthenticators: true}
Session ID: 5fff502b678c6ec61cc9143e15a03708]
Feb 01, 2025 1:56:07 PM utils.Logger info
INFO: Product added to cart:[Logitech G PRO X Wireless LIGHTSPEED Gaming Headset, Blue VO!CE Mic Filter Tech, 50 mm PRO-G Drivers, DTS Headphone:X 2.0 Surround Sound, Memory Foam, 20+ Hour Battery Life - Black
6,953
EGP13,999
00
Get it as soon as Tuesday, 4 February
Fulfilled by Amazon - FREE Shipping
Arrives before Valentine's Day
Only 3 left in stock - order soon.]
Feb 01, 2025 1:56:07 PM utils.Logger info
INFO: Skipping product: [no such element: Unable to locate element: {"method":"css selector","selector":"span.a-price-whole"}
  (Session info: chrome=132.0.6834.112)
For documentation on this error, please visit: https://www.selenium.dev/documentation/webdriver/troubleshooting/errors#no-such-element-exception
Build info: version: '4.28.1', revision: '73f5ad48a2'
System info: os.name: 'Windows 11', os.arch: 'amd64', os.version: '10.0', java.version: '17.0.6'
Driver info: org.openqa.selenium.chrome.ChromeDriver
Command: [5fff502b678c6ec61cc9143e15a03708, findChildElement {using=css selector, id=f.DED7E5B4D4BC1739304AB1CFEE6CAFC1.d.216B037BBC684B1EBE6DF629B47767BF.e.39642, value=span.a-price-whole}]
Capabilities {acceptInsecureCerts: false, browserName: chrome, browserVersion: 132.0.6834.112, chrome: {chromedriverVersion: 132.0.6834.159 (2d77d3fc445..., userDataDir: C:\Users\sayed\AppData\Loca...}, fedcm:accounts: true, goog:chromeOptions: {debuggerAddress: localhost:62580}, networkConnectionEnabled: false, pageLoadStrategy: normal, platformName: windows, proxy: Proxy(), se:cdp: ws://localhost:62580/devtoo..., se:cdpVersion: 132.0.6834.112, setWindowRect: true, strictFileInteractability: false, timeouts: {implicit: 0, pageLoad: 300000, script: 30000}, unhandledPromptBehavior: dismiss and notify, webauthn:extension:credBlob: true, webauthn:extension:largeBlob: true, webauthn:extension:minPinLength: true, webauthn:extension:prf: true, webauthn:virtualAuthenticators: true}
Session ID: 5fff502b678c6ec61cc9143e15a03708]
Feb 01, 2025 1:56:07 PM utils.Logger info
INFO: Product added to cart:[Samsung R960 Galaxy Watch 6 Classic 47mm, Silver
by SAMSUNG
104
Not Machine Specific
EGP12,500
00
Get it as soon as tomorrow, 2 Feb
Fulfilled by Amazon - FREE Shipping
Arrives before Valentine's Day
Only 1 left in stock - order soon.]
Feb 01, 2025 1:56:08 PM utils.Logger info
INFO: Skipping product: [no such element: Unable to locate element: {"method":"css selector","selector":"span.a-price-whole"}
  (Session info: chrome=132.0.6834.112)
For documentation on this error, please visit: https://www.selenium.dev/documentation/webdriver/troubleshooting/errors#no-such-element-exception
Build info: version: '4.28.1', revision: '73f5ad48a2'
System info: os.name: 'Windows 11', os.arch: 'amd64', os.version: '10.0', java.version: '17.0.6'
Driver info: org.openqa.selenium.chrome.ChromeDriver
Command: [5fff502b678c6ec61cc9143e15a03708, findChildElement {using=css selector, id=f.DED7E5B4D4BC1739304AB1CFEE6CAFC1.d.216B037BBC684B1EBE6DF629B47767BF.e.39803, value=span.a-price-whole}]
Capabilities {acceptInsecureCerts: false, browserName: chrome, browserVersion: 132.0.6834.112, chrome: {chromedriverVersion: 132.0.6834.159 (2d77d3fc445..., userDataDir: C:\Users\sayed\AppData\Loca...}, fedcm:accounts: true, goog:chromeOptions: {debuggerAddress: localhost:62580}, networkConnectionEnabled: false, pageLoadStrategy: normal, platformName: windows, proxy: Proxy(), se:cdp: ws://localhost:62580/devtoo..., se:cdpVersion: 132.0.6834.112, setWindowRect: true, strictFileInteractability: false, timeouts: {implicit: 0, pageLoad: 300000, script: 30000}, unhandledPromptBehavior: dismiss and notify, webauthn:extension:credBlob: true, webauthn:extension:largeBlob: true, webauthn:extension:minPinLength: true, webauthn:extension:prf: true, webauthn:virtualAuthenticators: true}
Session ID: 5fff502b678c6ec61cc9143e15a03708]
Feb 01, 2025 1:56:08 PM utils.Logger info
INFO: Product added to cart:[JBL Quantum ONE Over Ear Gaming Headset with Noise Canceling and Microphone - Black, Wired earphones Airpods earbuds headphones
26,294
EGP12,099
00
Get it as soon as tomorrow, 2 Feb
Fulfilled by Amazon - FREE Shipping
Arrives before Valentine's Day
More Buying Choices
EGP 4,673.47(3 used & new offers)]
Feb 01, 2025 1:56:08 PM utils.Logger info
INFO: Product added to cart:[Nintendo Switch Lite (Coral)
by Nintendo
2,857
Nintendo Switch
EGP11,900
00
Get it as soon as tomorrow, 2 Feb
Fulfilled by Amazon - FREE Shipping
Arrives before Valentine's Day
Only 1 left in stock - order soon.]
Feb 01, 2025 1:56:08 PM utils.Logger info
INFO: Products added to cart on this page.
Feb 01, 2025 1:56:53 PM utils.Logger info
INFO: The cash payment option is not valid: [Expected condition failed: waiting for condition (visibility of element located by By.id: pp-hPABrX-83) to be refreshed (tried for 30 second(s) with 500 milliseconds interval)
Build info: version: '4.28.1', revision: '73f5ad48a2'
System info: os.name: 'Windows 11', os.arch: 'amd64', os.version: '10.0', java.version: '17.0.6'
Driver info: org.openqa.selenium.chrome.ChromeDriver
Capabilities {acceptInsecureCerts: false, browserName: chrome, browserVersion: 132.0.6834.112, chrome: {chromedriverVersion: 132.0.6834.159 (2d77d3fc445..., userDataDir: C:\Users\sayed\AppData\Loca...}, fedcm:accounts: true, goog:chromeOptions: {debuggerAddress: localhost:62580}, networkConnectionEnabled: false, pageLoadStrategy: normal, platformName: windows, proxy: Proxy(), se:cdp: ws://localhost:62580/devtoo..., se:cdpVersion: 132.0.6834.112, setWindowRect: true, strictFileInteractability: false, timeouts: {implicit: 0, pageLoad: 300000, script: 30000}, unhandledPromptBehavior: dismiss and notify, webauthn:extension:credBlob: true, webauthn:extension:largeBlob: true, webauthn:extension:minPinLength: true, webauthn:extension:prf: true, webauthn:virtualAuthenticators: true}
Session ID: 5fff502b678c6ec61cc9143e15a03708]
Feb 01, 2025 1:56:53 PM utils.Logger info
INFO: The payment way selected successfully...!
Feb 01, 2025 1:56:53 PM utils.Logger info
INFO: Test passed: [addProductsToTheCartAndCheckout]
]]></system-err>
  </testcase>
</testsuite>